Sistema
Modelo: Dell Latitude E7470
Sistema Operacional: Windows 11 Pro
Placa Mãe (BaseBoard): Dell Inc. 0G71V8 (Chipset Intel Skylake-U)

---

Processador (CPU)
Nome: Intel Core i7-6600U
Frequência: 2.60 GHz Até 2.90GHz em Core Speed
Núcleos/Threads: 2 Cores / 4 Threads
Cache L3: 4 MBytes
TDP Máximo: 15.0 W (Design para eficiência/portabilidade)

---

Memória (RAM)
Tipo: DDR4
Tamanho Total: 16 GBytes
Modo: Dual Channel (Canal Duplo)
Frequência Efetiva: Aproximadamente 2133 MHz (mostrado como 1064.1 MHz na DRAM Frequency)

---

BIOS
Versão: Dell Inc. 1.36.3
Data: 18/09/2022
